[13-Sep-2017 20:42:52 UTC] PHP Fatal error:  Call to undefined function displayPoints() in /home/ubuntu/workspace/sdoan/Lab/Lab2/index.php on line 54
[13-Sep-2017 20:42:52 UTC] PHP Stack trace:
[13-Sep-2017 20:42:52 UTC] PHP   1. {main}() /home/ubuntu/workspace/sdoan/Lab/Lab2/index.php:0
[13-Sep-2017 20:53:39 UTC] PHP Fatal error:  Call to undefined function displayPoints() in /home/ubuntu/workspace/sdoan/Lab/Lab2/index.php on line 54
[13-Sep-2017 20:53:39 UTC] PHP Stack trace:
[13-Sep-2017 20:53:39 UTC] PHP   1. {main}() /home/ubuntu/workspace/sdoan/Lab/Lab2/index.php:0
[13-Sep-2017 21:09:42 UTC] PHP Fatal error:  Call to undefined function displaySymbol() in /home/ubuntu/workspace/sdoan/Lab/Lab2/index.php on line 13
[13-Sep-2017 21:09:42 UTC] PHP Stack trace:
[13-Sep-2017 21:09:42 UTC] PHP   1. {main}() /home/ubuntu/workspace/sdoan/Lab/Lab2/index.php:0
[13-Sep-2017 21:10:53 UTC] PHP Fatal error:  Call to undefined function displaySymbol() in /home/ubuntu/workspace/sdoan/Lab/Lab2/index.php on line 13
[13-Sep-2017 21:10:53 UTC] PHP Stack trace:
[13-Sep-2017 21:10:53 UTC] PHP   1. {main}() /home/ubuntu/workspace/sdoan/Lab/Lab2/index.php:0
[13-Sep-2017 21:11:12 UTC] PHP Fatal error:  Call to undefined function ufirst() in /home/ubuntu/workspace/sdoan/Lab/Lab2/index.php on line 35
[13-Sep-2017 21:11:12 UTC] PHP Stack trace:
[13-Sep-2017 21:11:12 UTC] PHP   1. {main}() /home/ubuntu/workspace/sdoan/Lab/Lab2/index.php:0
[13-Sep-2017 21:12:02 UTC] PHP Fatal error:  Call to undefined function displaySymbol() in /home/ubuntu/workspace/sdoan/Lab/Lab2/index.php on line 13
[13-Sep-2017 21:12:02 UTC] PHP Stack trace:
[13-Sep-2017 21:12:02 UTC] PHP   1. {main}() /home/ubuntu/workspace/sdoan/Lab/Lab2/index.php:0
[13-Sep-2017 21:12:03 UTC] PHP Fatal error:  Call to undefined function displaySymbol() in /home/ubuntu/workspace/sdoan/Lab/Lab2/index.php on line 13
[13-Sep-2017 21:12:03 UTC] PHP Stack trace:
[13-Sep-2017 21:12:03 UTC] PHP   1. {main}() /home/ubuntu/workspace/sdoan/Lab/Lab2/index.php:0
[13-Sep-2017 21:12:28 UTC] PHP Parse error:  syntax error, unexpected end of file in /home/ubuntu/workspace/sdoan/Lab/Lab2/index.php on line 39
[13-Sep-2017 21:12:35 UTC] PHP Parse error:  syntax error, unexpected end of file in /home/ubuntu/workspace/sdoan/Lab/Lab2/index.php on line 39
[13-Sep-2017 21:12:40 UTC] PHP Fatal error:  Call to undefined function ufirst() in /home/ubuntu/workspace/sdoan/Lab/Lab2/index.php on line 35
[13-Sep-2017 21:12:40 UTC] PHP Stack trace:
[13-Sep-2017 21:12:40 UTC] PHP   1. {main}() /home/ubuntu/workspace/sdoan/Lab/Lab2/index.php:0
[13-Sep-2017 21:28:29 UTC] PHP Warning:  Missing argument 2 for displaySymbol(), called in /home/ubuntu/workspace/sdoan/Lab/Lab2/index.php on line 13 and defined in /home/ubuntu/workspace/sdoan/Lab/Lab2/index.php on line 37
[13-Sep-2017 21:28:29 UTC] PHP Stack trace:
[13-Sep-2017 21:28:29 UTC] PHP   1. {main}() /home/ubuntu/workspace/sdoan/Lab/Lab2/index.php:0
[13-Sep-2017 21:28:29 UTC] PHP   2. displaySymbol() /home/ubuntu/workspace/sdoan/Lab/Lab2/index.php:13
[13-Sep-2017 21:28:29 UTC] PHP Warning:  Missing argument 3 for displaySymbol(), called in /home/ubuntu/workspace/sdoan/Lab/Lab2/index.php on line 13 and defined in /home/ubuntu/workspace/sdoan/Lab/Lab2/index.php on line 37
[13-Sep-2017 21:28:29 UTC] PHP Stack trace:
[13-Sep-2017 21:28:29 UTC] PHP   1. {main}() /home/ubuntu/workspace/sdoan/Lab/Lab2/index.php:0
[13-Sep-2017 21:28:29 UTC] PHP   2. displaySymbol() /home/ubuntu/workspace/sdoan/Lab/Lab2/index.php:13
[13-Sep-2017 21:28:29 UTC] PHP Warning:  Missing argument 2 for displaySymbol(), called in /home/ubuntu/workspace/sdoan/Lab/Lab2/index.php on line 13 and defined in /home/ubuntu/workspace/sdoan/Lab/Lab2/index.php on line 37
[13-Sep-2017 21:28:29 UTC] PHP Stack trace:
[13-Sep-2017 21:28:29 UTC] PHP   1. {main}() /home/ubuntu/workspace/sdoan/Lab/Lab2/index.php:0
[13-Sep-2017 21:28:29 UTC] PHP   2. displaySymbol() /home/ubuntu/workspace/sdoan/Lab/Lab2/index.php:13
[13-Sep-2017 21:28:29 UTC] PHP Warning:  Missing argument 3 for displaySymbol(), called in /home/ubuntu/workspace/sdoan/Lab/Lab2/index.php on line 13 and defined in /home/ubuntu/workspace/sdoan/Lab/Lab2/index.php on line 37
[13-Sep-2017 21:28:29 UTC] PHP Stack trace:
[13-Sep-2017 21:28:29 UTC] PHP   1. {main}() /home/ubuntu/workspace/sdoan/Lab/Lab2/index.php:0
[13-Sep-2017 21:28:29 UTC] PHP   2. displaySymbol() /home/ubuntu/workspace/sdoan/Lab/Lab2/index.php:13
[13-Sep-2017 21:28:29 UTC] PHP Warning:  Missing argument 2 for displaySymbol(), called in /home/ubuntu/workspace/sdoan/Lab/Lab2/index.php on line 13 and defined in /home/ubuntu/workspace/sdoan/Lab/Lab2/index.php on line 37
[13-Sep-2017 21:28:29 UTC] PHP Stack trace:
[13-Sep-2017 21:28:29 UTC] PHP   1. {main}() /home/ubuntu/workspace/sdoan/Lab/Lab2/index.php:0
[13-Sep-2017 21:28:29 UTC] PHP   2. displaySymbol() /home/ubuntu/workspace/sdoan/Lab/Lab2/index.php:13
[13-Sep-2017 21:28:29 UTC] PHP Warning:  Missing argument 3 for displaySymbol(), called in /home/ubuntu/workspace/sdoan/Lab/Lab2/index.php on line 13 and defined in /home/ubuntu/workspace/sdoan/Lab/Lab2/index.php on line 37
[13-Sep-2017 21:28:29 UTC] PHP Stack trace:
[13-Sep-2017 21:28:29 UTC] PHP   1. {main}() /home/ubuntu/workspace/sdoan/Lab/Lab2/index.php:0
[13-Sep-2017 21:28:29 UTC] PHP   2. displaySymbol() /home/ubuntu/workspace/sdoan/Lab/Lab2/index.php:13
[13-Sep-2017 21:28:29 UTC] PHP Fatal error:  Call to undefined function ufirst() in /home/ubuntu/workspace/sdoan/Lab/Lab2/index.php on line 35
[13-Sep-2017 21:28:29 UTC] PHP Stack trace:
[13-Sep-2017 21:28:29 UTC] PHP   1. {main}() /home/ubuntu/workspace/sdoan/Lab/Lab2/index.php:0
[13-Sep-2017 21:31:29 UTC] PHP Warning:  Missing argument 2 for displaySymbol(), called in /home/ubuntu/workspace/sdoan/Lab/Lab2/index.php on line 13 and defined in /home/ubuntu/workspace/sdoan/Lab/Lab2/index.php on line 39
[13-Sep-2017 21:31:29 UTC] PHP Stack trace:
[13-Sep-2017 21:31:29 UTC] PHP   1. {main}() /home/ubuntu/workspace/sdoan/Lab/Lab2/index.php:0
[13-Sep-2017 21:31:29 UTC] PHP   2. displaySymbol() /home/ubuntu/workspace/sdoan/Lab/Lab2/index.php:13
[13-Sep-2017 21:31:29 UTC] PHP Warning:  Missing argument 3 for displaySymbol(), called in /home/ubuntu/workspace/sdoan/Lab/Lab2/index.php on line 13 and defined in /home/ubuntu/workspace/sdoan/Lab/Lab2/index.php on line 39
[13-Sep-2017 21:31:29 UTC] PHP Stack trace:
[13-Sep-2017 21:31:29 UTC] PHP   1. {main}() /home/ubuntu/workspace/sdoan/Lab/Lab2/index.php:0
[13-Sep-2017 21:31:29 UTC] PHP   2. displaySymbol() /home/ubuntu/workspace/sdoan/Lab/Lab2/index.php:13
[13-Sep-2017 21:31:29 UTC] PHP Warning:  Missing argument 2 for displaySymbol(), called in /home/ubuntu/workspace/sdoan/Lab/Lab2/index.php on line 13 and defined in /home/ubuntu/workspace/sdoan/Lab/Lab2/index.php on line 39
[13-Sep-2017 21:31:29 UTC] PHP Stack trace:
[13-Sep-2017 21:31:29 UTC] PHP   1. {main}() /home/ubuntu/workspace/sdoan/Lab/Lab2/index.php:0
[13-Sep-2017 21:31:29 UTC] PHP   2. displaySymbol() /home/ubuntu/workspace/sdoan/Lab/Lab2/index.php:13
[13-Sep-2017 21:31:29 UTC] PHP Warning:  Missing argument 3 for displaySymbol(), called in /home/ubuntu/workspace/sdoan/Lab/Lab2/index.php on line 13 and defined in /home/ubuntu/workspace/sdoan/Lab/Lab2/index.php on line 39
[13-Sep-2017 21:31:29 UTC] PHP Stack trace:
[13-Sep-2017 21:31:29 UTC] PHP   1. {main}() /home/ubuntu/workspace/sdoan/Lab/Lab2/index.php:0
[13-Sep-2017 21:31:29 UTC] PHP   2. displaySymbol() /home/ubuntu/workspace/sdoan/Lab/Lab2/index.php:13
[13-Sep-2017 21:31:29 UTC] PHP Warning:  Missing argument 2 for displaySymbol(), called in /home/ubuntu/workspace/sdoan/Lab/Lab2/index.php on line 13 and defined in /home/ubuntu/workspace/sdoan/Lab/Lab2/index.php on line 39
[13-Sep-2017 21:31:29 UTC] PHP Stack trace:
[13-Sep-2017 21:31:29 UTC] PHP   1. {main}() /home/ubuntu/workspace/sdoan/Lab/Lab2/index.php:0
[13-Sep-2017 21:31:29 UTC] PHP   2. displaySymbol() /home/ubuntu/workspace/sdoan/Lab/Lab2/index.php:13
[13-Sep-2017 21:31:29 UTC] PHP Warning:  Missing argument 3 for displaySymbol(), called in /home/ubuntu/workspace/sdoan/Lab/Lab2/index.php on line 13 and defined in /home/ubuntu/workspace/sdoan/Lab/Lab2/index.php on line 39
[13-Sep-2017 21:31:29 UTC] PHP Stack trace:
[13-Sep-2017 21:31:29 UTC] PHP   1. {main}() /home/ubuntu/workspace/sdoan/Lab/Lab2/index.php:0
[13-Sep-2017 21:31:29 UTC] PHP   2. displaySymbol() /home/ubuntu/workspace/sdoan/Lab/Lab2/index.php:13
[13-Sep-2017 21:31:29 UTC] PHP Fatal error:  Call to undefined function displayPoints() in /home/ubuntu/workspace/sdoan/Lab/Lab2/index.php on line 15
[13-Sep-2017 21:31:29 UTC] PHP Stack trace:
[13-Sep-2017 21:31:29 UTC] PHP   1. {main}() /home/ubuntu/workspace/sdoan/Lab/Lab2/index.php:0
[13-Sep-2017 21:31:50 UTC] PHP Fatal error:  Cannot redeclare displaySymbol() (previously declared in /home/ubuntu/workspace/sdoan/Lab/Lab2/index.php:18) in /home/ubuntu/workspace/sdoan/Lab/Lab2/index.php on line 58
[13-Sep-2017 21:31:57 UTC] PHP Warning:  Missing argument 2 for displaySymbol(), called in /home/ubuntu/workspace/sdoan/Lab/Lab2/index.php on line 13 and defined in /home/ubuntu/workspace/sdoan/Lab/Lab2/index.php on line 39
[13-Sep-2017 21:31:57 UTC] PHP Stack trace:
[13-Sep-2017 21:31:57 UTC] PHP   1. {main}() /home/ubuntu/workspace/sdoan/Lab/Lab2/index.php:0
[13-Sep-2017 21:31:57 UTC] PHP   2. displaySymbol() /home/ubuntu/workspace/sdoan/Lab/Lab2/index.php:13
[13-Sep-2017 21:31:57 UTC] PHP Warning:  Missing argument 3 for displaySymbol(), called in /home/ubuntu/workspace/sdoan/Lab/Lab2/index.php on line 13 and defined in /home/ubuntu/workspace/sdoan/Lab/Lab2/index.php on line 39
[13-Sep-2017 21:31:57 UTC] PHP Stack trace:
[13-Sep-2017 21:31:57 UTC] PHP   1. {main}() /home/ubuntu/workspace/sdoan/Lab/Lab2/index.php:0
[13-Sep-2017 21:31:57 UTC] PHP   2. displaySymbol() /home/ubuntu/workspace/sdoan/Lab/Lab2/index.php:13
[13-Sep-2017 21:31:57 UTC] PHP Warning:  Missing argument 2 for displaySymbol(), called in /home/ubuntu/workspace/sdoan/Lab/Lab2/index.php on line 13 and defined in /home/ubuntu/workspace/sdoan/Lab/Lab2/index.php on line 39
[13-Sep-2017 21:31:57 UTC] PHP Stack trace:
[13-Sep-2017 21:31:57 UTC] PHP   1. {main}() /home/ubuntu/workspace/sdoan/Lab/Lab2/index.php:0
[13-Sep-2017 21:31:57 UTC] PHP   2. displaySymbol() /home/ubuntu/workspace/sdoan/Lab/Lab2/index.php:13
[13-Sep-2017 21:31:57 UTC] PHP Warning:  Missing argument 3 for displaySymbol(), called in /home/ubuntu/workspace/sdoan/Lab/Lab2/index.php on line 13 and defined in /home/ubuntu/workspace/sdoan/Lab/Lab2/index.php on line 39
[13-Sep-2017 21:31:57 UTC] PHP Stack trace:
[13-Sep-2017 21:31:57 UTC] PHP   1. {main}() /home/ubuntu/workspace/sdoan/Lab/Lab2/index.php:0
[13-Sep-2017 21:31:57 UTC] PHP   2. displaySymbol() /home/ubuntu/workspace/sdoan/Lab/Lab2/index.php:13
[13-Sep-2017 21:31:57 UTC] PHP Warning:  Missing argument 2 for displaySymbol(), called in /home/ubuntu/workspace/sdoan/Lab/Lab2/index.php on line 13 and defined in /home/ubuntu/workspace/sdoan/Lab/Lab2/index.php on line 39
[13-Sep-2017 21:31:57 UTC] PHP Stack trace:
[13-Sep-2017 21:31:57 UTC] PHP   1. {main}() /home/ubuntu/workspace/sdoan/Lab/Lab2/index.php:0
[13-Sep-2017 21:31:57 UTC] PHP   2. displaySymbol() /home/ubuntu/workspace/sdoan/Lab/Lab2/index.php:13
[13-Sep-2017 21:31:57 UTC] PHP Warning:  Missing argument 3 for displaySymbol(), called in /home/ubuntu/workspace/sdoan/Lab/Lab2/index.php on line 13 and defined in /home/ubuntu/workspace/sdoan/Lab/Lab2/index.php on line 39
[13-Sep-2017 21:31:57 UTC] PHP Stack trace:
[13-Sep-2017 21:31:57 UTC] PHP   1. {main}() /home/ubuntu/workspace/sdoan/Lab/Lab2/index.php:0
[13-Sep-2017 21:31:57 UTC] PHP   2. displaySymbol() /home/ubuntu/workspace/sdoan/Lab/Lab2/index.php:13
[13-Sep-2017 21:31:57 UTC] PHP Fatal error:  Call to undefined function displayPoints() in /home/ubuntu/workspace/sdoan/Lab/Lab2/index.php on line 15
[13-Sep-2017 21:31:57 UTC] PHP Stack trace:
[13-Sep-2017 21:31:57 UTC] PHP   1. {main}() /home/ubuntu/workspace/sdoan/Lab/Lab2/index.php:0
[13-Sep-2017 21:33:32 UTC] PHP Parse error:  syntax error, unexpected end of file in /home/ubuntu/workspace/sdoan/Lab/Lab2/index.php on line 62
[13-Sep-2017 21:34:06 UTC] PHP Fatal error:  Cannot redeclare displaySymbol() (previously declared in /home/ubuntu/workspace/sdoan/Lab/Lab2/index.php:18) in /home/ubuntu/workspace/sdoan/Lab/Lab2/index.php on line 58
[13-Sep-2017 21:34:29 UTC] PHP Parse error:  syntax error, unexpected end of file in /home/ubuntu/workspace/sdoan/Lab/Lab2/index.php on line 62
[13-Sep-2017 21:34:41 UTC] PHP Fatal error:  Call to undefined function ufirst() in /home/ubuntu/workspace/sdoan/Lab/Lab2/index.php on line 37
[13-Sep-2017 21:34:41 UTC] PHP Stack trace:
[13-Sep-2017 21:34:41 UTC] PHP   1. {main}() /home/ubuntu/workspace/sdoan/Lab/Lab2/index.php:0
[13-Sep-2017 21:34:41 UTC] PHP   2. displaySymbol() /home/ubuntu/workspace/sdoan/Lab/Lab2/index.php:13
[13-Sep-2017 21:35:43 UTC] PHP Fatal error:  Cannot redeclare displaySymbol() (previously declared in /home/ubuntu/workspace/sdoan/Lab/Lab2/index.php:18) in /home/ubuntu/workspace/sdoan/Lab/Lab2/index.php on line 39
[13-Sep-2017 21:35:43 UTC] PHP Stack trace:
[13-Sep-2017 21:35:43 UTC] PHP   1. {main}() /home/ubuntu/workspace/sdoan/Lab/Lab2/index.php:0
[13-Sep-2017 21:35:43 UTC] PHP   2. displaySymbol() /home/ubuntu/workspace/sdoan/Lab/Lab2/index.php:13
[13-Sep-2017 21:37:54 UTC] PHP Warning:  Missing argument 2 for displaySymbol(), called in /home/ubuntu/workspace/sdoan/Lab/Lab2/index.php on line 13 and defined in /home/ubuntu/workspace/sdoan/Lab/Lab2/index.php on line 39
[13-Sep-2017 21:37:54 UTC] PHP Stack trace:
[13-Sep-2017 21:37:54 UTC] PHP   1. {main}() /home/ubuntu/workspace/sdoan/Lab/Lab2/index.php:0
[13-Sep-2017 21:37:54 UTC] PHP   2. displaySymbol() /home/ubuntu/workspace/sdoan/Lab/Lab2/index.php:13
[13-Sep-2017 21:37:54 UTC] PHP Warning:  Missing argument 3 for displaySymbol(), called in /home/ubuntu/workspace/sdoan/Lab/Lab2/index.php on line 13 and defined in /home/ubuntu/workspace/sdoan/Lab/Lab2/index.php on line 39
[13-Sep-2017 21:37:54 UTC] PHP Stack trace:
[13-Sep-2017 21:37:54 UTC] PHP   1. {main}() /home/ubuntu/workspace/sdoan/Lab/Lab2/index.php:0
[13-Sep-2017 21:37:54 UTC] PHP   2. displaySymbol() /home/ubuntu/workspace/sdoan/Lab/Lab2/index.php:13
[13-Sep-2017 21:37:54 UTC] PHP Warning:  Missing argument 2 for displaySymbol(), called in /home/ubuntu/workspace/sdoan/Lab/Lab2/index.php on line 13 and defined in /home/ubuntu/workspace/sdoan/Lab/Lab2/index.php on line 39
[13-Sep-2017 21:37:54 UTC] PHP Stack trace:
[13-Sep-2017 21:37:54 UTC] PHP   1. {main}() /home/ubuntu/workspace/sdoan/Lab/Lab2/index.php:0
[13-Sep-2017 21:37:54 UTC] PHP   2. displaySymbol() /home/ubuntu/workspace/sdoan/Lab/Lab2/index.php:13
[13-Sep-2017 21:37:54 UTC] PHP Warning:  Missing argument 3 for displaySymbol(), called in /home/ubuntu/workspace/sdoan/Lab/Lab2/index.php on line 13 and defined in /home/ubuntu/workspace/sdoan/Lab/Lab2/index.php on line 39
[13-Sep-2017 21:37:54 UTC] PHP Stack trace:
[13-Sep-2017 21:37:54 UTC] PHP   1. {main}() /home/ubuntu/workspace/sdoan/Lab/Lab2/index.php:0
[13-Sep-2017 21:37:54 UTC] PHP   2. displaySymbol() /home/ubuntu/workspace/sdoan/Lab/Lab2/index.php:13
[13-Sep-2017 21:37:54 UTC] PHP Warning:  Missing argument 2 for displaySymbol(), called in /home/ubuntu/workspace/sdoan/Lab/Lab2/index.php on line 13 and defined in /home/ubuntu/workspace/sdoan/Lab/Lab2/index.php on line 39
[13-Sep-2017 21:37:54 UTC] PHP Stack trace:
[13-Sep-2017 21:37:54 UTC] PHP   1. {main}() /home/ubuntu/workspace/sdoan/Lab/Lab2/index.php:0
[13-Sep-2017 21:37:54 UTC] PHP   2. displaySymbol() /home/ubuntu/workspace/sdoan/Lab/Lab2/index.php:13
[13-Sep-2017 21:37:54 UTC] PHP Warning:  Missing argument 3 for displaySymbol(), called in /home/ubuntu/workspace/sdoan/Lab/Lab2/index.php on line 13 and defined in /home/ubuntu/workspace/sdoan/Lab/Lab2/index.php on line 39
[13-Sep-2017 21:37:54 UTC] PHP Stack trace:
[13-Sep-2017 21:37:54 UTC] PHP   1. {main}() /home/ubuntu/workspace/sdoan/Lab/Lab2/index.php:0
[13-Sep-2017 21:37:54 UTC] PHP   2. displaySymbol() /home/ubuntu/workspace/sdoan/Lab/Lab2/index.php:13
[13-Sep-2017 21:37:54 UTC] PHP Fatal error:  Call to undefined function displayPoints() in /home/ubuntu/workspace/sdoan/Lab/Lab2/index.php on line 15
[13-Sep-2017 21:37:54 UTC] PHP Stack trace:
[13-Sep-2017 21:37:54 UTC] PHP   1. {main}() /home/ubuntu/workspace/sdoan/Lab/Lab2/index.php:0
[13-Sep-2017 21:38:07 UTC] PHP Parse error:  syntax error, unexpected end of file in /home/ubuntu/workspace/sdoan/Lab/Lab2/index.php on line 62
[13-Sep-2017 21:38:16 UTC] PHP Fatal error:  Cannot redeclare displaySymbol() (previously declared in /home/ubuntu/workspace/sdoan/Lab/Lab2/index.php:18) in /home/ubuntu/workspace/sdoan/Lab/Lab2/index.php on line 39
[13-Sep-2017 21:38:16 UTC] PHP Stack trace:
[13-Sep-2017 21:38:16 UTC] PHP   1. {main}() /home/ubuntu/workspace/sdoan/Lab/Lab2/index.php:0
[13-Sep-2017 21:38:16 UTC] PHP   2. displaySymbol() /home/ubuntu/workspace/sdoan/Lab/Lab2/index.php:13
[13-Sep-2017 21:38:38 UTC] PHP Fatal error:  Cannot redeclare displaySymbol() (previously declared in /home/ubuntu/workspace/sdoan/Lab/Lab2/index.php:18) in /home/ubuntu/workspace/sdoan/Lab/Lab2/index.php on line 39
[13-Sep-2017 21:38:38 UTC] PHP Stack trace:
[13-Sep-2017 21:38:38 UTC] PHP   1. {main}() /home/ubuntu/workspace/sdoan/Lab/Lab2/index.php:0
[13-Sep-2017 21:38:38 UTC] PHP   2. displaySymbol() /home/ubuntu/workspace/sdoan/Lab/Lab2/index.php:13
[13-Sep-2017 21:43:52 UTC] PHP Fatal error:  Cannot redeclare displaySymbol() (previously declared in /home/ubuntu/workspace/sdoan/Lab/Lab2/index.php:18) in /home/ubuntu/workspace/sdoan/Lab/Lab2/index.php on line 39
[13-Sep-2017 21:43:52 UTC] PHP Stack trace:
[13-Sep-2017 21:43:52 UTC] PHP   1. {main}() /home/ubuntu/workspace/sdoan/Lab/Lab2/index.php:0
[13-Sep-2017 21:43:52 UTC] PHP   2. displaySymbol() /home/ubuntu/workspace/sdoan/Lab/Lab2/index.php:13
[13-Sep-2017 21:43:56 UTC] PHP Fatal error:  Cannot redeclare displaySymbol() (previously declared in /home/ubuntu/workspace/sdoan/Lab/Lab2/index.php:18) in /home/ubuntu/workspace/sdoan/Lab/Lab2/index.php on line 39
[13-Sep-2017 21:43:56 UTC] PHP Stack trace:
[13-Sep-2017 21:43:56 UTC] PHP   1. {main}() /home/ubuntu/workspace/sdoan/Lab/Lab2/index.php:0
[13-Sep-2017 21:43:56 UTC] PHP   2. displaySymbol() /home/ubuntu/workspace/sdoan/Lab/Lab2/index.php:13
[13-Sep-2017 21:47:36 UTC] PHP Fatal error:  Cannot redeclare displaySymbol() (previously declared in /home/ubuntu/workspace/sdoan/Lab/Lab2/index.php:21) in /home/ubuntu/workspace/sdoan/Lab/Lab2/index.php on line 33
[13-Sep-2017 21:47:36 UTC] PHP Stack trace:
[13-Sep-2017 21:47:36 UTC] PHP   1. {main}() /home/ubuntu/workspace/sdoan/Lab/Lab2/index.php:0
[13-Sep-2017 21:47:36 UTC] PHP   2. displaySymbol() /home/ubuntu/workspace/sdoan/Lab/Lab2/index.php:15
[01-Oct-2017 19:37:55 UTC] PHP Warning:  include(api/pixabayAPI.php): failed to open stream: No such file or directory in /home/ubuntu/workspace/sdoan/Lab/Lab4/index.php on line 30
[01-Oct-2017 19:37:55 UTC] PHP Stack trace:
[01-Oct-2017 19:37:55 UTC] PHP   1. {main}() /home/ubuntu/workspace/sdoan/Lab/Lab4/index.php:0
[01-Oct-2017 19:37:55 UTC] PHP Warning:  include(): Failed opening 'api/pixabayAPI.php' for inclusion (include_path='.:/usr/share/php:/usr/share/pear') in /home/ubuntu/workspace/sdoan/Lab/Lab4/index.php on line 30
[01-Oct-2017 19:37:55 UTC] PHP Stack trace:
[01-Oct-2017 19:37:55 UTC] PHP   1. {main}() /home/ubuntu/workspace/sdoan/Lab/Lab4/index.php:0
[01-Oct-2017 19:37:55 UTC] PHP Fatal error:  Call to undefined function getImageURLs() in /home/ubuntu/workspace/sdoan/Lab/Lab4/index.php on line 31
[01-Oct-2017 19:37:55 UTC] PHP Stack trace:
[01-Oct-2017 19:37:55 UTC] PHP   1. {main}() /home/ubuntu/workspace/sdoan/Lab/Lab4/index.php:0
[10-Oct-2017 01:22:31 UTC] PHP Fatal error:  Uncaught exception 'PDOException' with message 'SQLSTATE[HY000] [1049] Unknown database 'quotes'' in /home/ubuntu/workspace/sdoan/Lab/Lab5/index.php:8
Stack trace:
#0 /home/ubuntu/workspace/sdoan/Lab/Lab5/index.php(8): PDO->__construct('mysql:host=loca...', 'root', '')
#1 {main}
  thrown in /home/ubuntu/workspace/sdoan/Lab/Lab5/index.php on line 8
